{"name": "Заказ через кнопку \"Заказать\" - header", "status": "broken", "statusDetails": {"message": "selenium.common.exceptions.TimeoutException: Message: \nStacktrace:\nRemoteError@chrome://remote/content/shared/RemoteError.sys.mjs:8:8\nWebDriverError@chrome://remote/content/shared/webdriver/Errors.sys.mjs:202:5\nNoSuchElementError@chrome://remote/content/shared/webdriver/Errors.sys.mjs:555:5\ndom.find/</<@chrome://remote/content/shared/DOM.sys.mjs:136:16", "trace": "self = <test_order_page.TestOrderPage object at 0x000001BBEF947C50>\ndriver = <selenium.webdriver.firefox.webdriver.WebDriver (session=\"6537b4ae-b16c-44c9-8ea7-8e77cd2f6f82\")>\nuser_data = {'address': 'пр. Ленинградский, д.67', 'color': 'grey', 'comment': 'Оставить у охраны', 'date': '18.05.2024', ...}, button_type = 'header'\n\n    @allure.title('Заказ через кнопку \"Заказать\" - {button_type}')\n    @allure.description('Позитивный тест заказа через разные кнопки')\n    @pytest.mark.parametrize('user_data', [\n        Users.user_1,\n        Users.user_2\n    ], ids=[\"Набор 1\", \"Набор 2\"])\n    @pytest.mark.parametrize('button_type', [\n        'header',\n        'footer'\n    ], ids=[\"Верхняя кнопка\", \"Нижняя кнопка\"])\n    def test_order_via_different_buttons(self, driver, user_data, button_type):\n        with allure.step('Инициализация страниц'):\n            main_page = MainPage(driver)\n            order_page = OrderPage(driver)\n            urls = Urls()\n    \n        with allure.step('Принимаем куки'):\n            main_page.accept_cookies()\n    \n        with allure.step(f'Кликаем на {button_type} кнопку \"Заказать\"'):\n            main_page.click_order_button(button_type)\n    \n        with allure.step('Заполняем первую форму заказа'):\n            order_page.fill_first_order_form(user_data)\n>           order_page.click_next_button()\n\ntests\\test_order_page.py:35: \n_ _ _ _ _ _ _ _ _ _ _ _ _ _ _ _ _ _ _ _ _ _ _ _ _ _ _ _ _ _ _ _ _ _ _ _ _ _ _ _ _ _ _ _ _ _ _ _ _ _ _ _ _ _ _ _ _ _ _ _ _ _ _ _ _ _ _ _ _ _ _ _ _ _ _ _ _ _ _ \npages\\order_page.py:16: in click_next_button\n    self.click_element(OrderPageLocators.NEXT_BUTTON)\npages\\base_page.py:28: in click_element\n    element = self.wait_for_element(locator)\n              ^^^^^^^^^^^^^^^^^^^^^^^^^^^^^^\npages\\base_page.py:12: in wait_for_element\n    return WebDriverWait(self.driver, timeout).until(\n_ _ _ _ _ _ _ _ _ _ _ _ _ _ _ _ _ _ _ _ _ _ _ _ _ _ _ _ _ _ _ _ _ _ _ _ _ _ _ _ _ _ _ _ _ _ _ _ _ _ _ _ _ _ _ _ _ _ _ _ _ _ _ _ _ _ _ _ _ _ _ _ _ _ _ _ _ _ _ \n\nself = <selenium.webdriver.support.wait.WebDriverWait (session=\"6537b4ae-b16c-44c9-8ea7-8e77cd2f6f82\")>\nmethod = <function visibility_of_element_located.<locals>._predicate at 0x000001BBEF9EA820>, message = ''\n\n    def until(self, method: Callable[[D], Union[Literal[False], T]], message: str = \"\") -> T:\n        \"\"\"Wait until the method returns a value that is not False.\n    \n        Calls the method provided with the driver as an argument until the\n        return value does not evaluate to ``False``.\n    \n        Parameters:\n        -----------\n        method: callable(WebDriver)\n            - A callable object that takes a WebDriver instance as an argument.\n    \n        message: str\n            - Optional message for :exc:`TimeoutException`\n    \n        Return:\n        -------\n        object: T\n            - The result of the last call to `method`\n    \n        Raises:\n        -------\n        TimeoutException\n            - If 'method' does not return a truthy value within the WebDriverWait\n            object's timeout\n    \n        Example:\n        --------\n        >>> from selenium.webdriver.common.by import By\n        >>> from selenium.webdriver.support.ui import WebDriverWait\n        >>> from selenium.webdriver.support import expected_conditions as EC\n    \n        # Wait until an element is visible on the page\n        >>> wait = WebDriverWait(driver, 10)\n        >>> element = wait.until(EC.visibility_of_element_located((By.ID, \"exampleId\")))\n        >>> print(element.text)\n        \"\"\"\n        screen = None\n        stacktrace = None\n    \n        end_time = time.monotonic() + self._timeout\n        while True:\n            try:\n                value = method(self._driver)\n                if value:\n                    return value\n            except self._ignored_exceptions as exc:\n                screen = getattr(exc, \"screen\", None)\n                stacktrace = getattr(exc, \"stacktrace\", None)\n            if time.monotonic() > end_time:\n                break\n            time.sleep(self._poll)\n>       raise TimeoutException(message, screen, stacktrace)\nE       selenium.common.exceptions.TimeoutException: Message: \nE       Stacktrace:\nE       RemoteError@chrome://remote/content/shared/RemoteError.sys.mjs:8:8\nE       WebDriverError@chrome://remote/content/shared/webdriver/Errors.sys.mjs:202:5\nE       NoSuchElementError@chrome://remote/content/shared/webdriver/Errors.sys.mjs:555:5\nE       dom.find/</<@chrome://remote/content/shared/DOM.sys.mjs:136:16\n\n..\\..\\AppData\\Local\\Programs\\Python\\Python314\\Lib\\site-packages\\selenium\\webdriver\\support\\wait.py:138: TimeoutException"}, "description": "Позитивный тест заказа через разные кнопки", "steps": [{"name": "Инициализация страниц", "status": "passed", "start": 1763811173277, "stop": 1763811173277}, {"name": "Принимаем куки", "status": "passed", "steps": [{"name": "Принять куки", "status": "passed", "start": 1763811173277, "stop": 1763811173389}], "start": 1763811173277, "stop": 1763811173389}, {"name": "Кликаем на header кнопку \"Заказать\"", "status": "passed", "steps": [{"name": "Кликнуть на кнопку \"Заказать\" типа 'header'", "status": "passed", "steps": [{"name": "Клик по элементу ('css selector', \"[class*='Button_Button__ra12g']:first-of-type\")", "status": "passed", "steps": [{"name": "Ожидание элемента ('css selector', \"[class*='Button_Button__ra12g']:first-of-type\")", "status": "passed", "parameters": [{"name": "locator", "value": "('css selector', \"[class*='Button_Button__ra12g']:first-of-type\")"}, {"name": "timeout", "value": "15"}], "start": 1763811173389, "stop": 1763811173397}], "parameters": [{"name": "locator", "value": "('css selector', \"[class*='Button_Button__ra12g']:first-of-type\")"}], "start": 1763811173389, "stop": 1763811173466}], "parameters": [{"name": "button_type", "value": "'header'"}], "start": 1763811173389, "stop": 1763811173466}], "start": 1763811173389, "stop": 1763811173466}, {"name": "Заполняем первую форму заказа", "status": "broken", "statusDetails": {"message": "selenium.common.exceptions.TimeoutException: Message: \nStacktrace:\nRemoteError@chrome://remote/content/shared/RemoteError.sys.mjs:8:8\nWebDriverError@chrome://remote/content/shared/webdriver/Errors.sys.mjs:202:5\nNoSuchElementError@chrome://remote/content/shared/webdriver/Errors.sys.mjs:555:5\ndom.find/</<@chrome://remote/content/shared/DOM.sys.mjs:136:16\n\n", "trace": "  File \"c:\\Users\\Dmitry\\Desktop\\qa_python_6\\tests\\test_order_page.py\", line 35, in test_order_via_different_buttons\n    order_page.click_next_button()\n    ~~~~~~~~~~~~~~~~~~~~~~~~~~~~^^\n  File \"C:\\Users\\Dmitry\\AppData\\Local\\Programs\\Python\\Python314\\Lib\\site-packages\\allure_commons\\_allure.py\", line 202, in impl\n    return func(*a, **kw)\n  File \"C:\\Users\\Dmitry\\Desktop\\qa_python_6\\pages\\order_page.py\", line 16, in click_next_button\n    self.click_element(OrderPageLocators.NEXT_BUTTON)\n    ~~~~~~~~~~~~~~~~~~^^^^^^^^^^^^^^^^^^^^^^^^^^^^^^^\n  File \"C:\\Users\\Dmitry\\AppData\\Local\\Programs\\Python\\Python314\\Lib\\site-packages\\allure_commons\\_allure.py\", line 202, in impl\n    return func(*a, **kw)\n  File \"C:\\Users\\Dmitry\\Desktop\\qa_python_6\\pages\\base_page.py\", line 28, in click_element\n    element = self.wait_for_element(locator)\n  File \"C:\\Users\\Dmitry\\AppData\\Local\\Programs\\Python\\Python314\\Lib\\site-packages\\allure_commons\\_allure.py\", line 202, in impl\n    return func(*a, **kw)\n  File \"C:\\Users\\Dmitry\\Desktop\\qa_python_6\\pages\\base_page.py\", line 12, in wait_for_element\n    return WebDriverWait(self.driver, timeout).until(\n           ~~~~~~~~~~~~~~~~~~~~~~~~~~~~~~~~~~~~~~~~~^\n        EC.visibility_of_element_located(locator)\n        ^^^^^^^^^^^^^^^^^^^^^^^^^^^^^^^^^^^^^^^^^\n    )\n    ^\n  File \"C:\\Users\\Dmitry\\AppData\\Local\\Programs\\Python\\Python314\\Lib\\site-packages\\selenium\\webdriver\\support\\wait.py\", line 138, in until\n    raise TimeoutException(message, screen, stacktrace)\n"}, "steps": [{"name": "Заполнить первую форму заказа данными пользователя", "status": "passed", "steps": [{"name": "Ввод значения \"'Сергей'\" в поле ('css selector', \"[placeholder*='Имя']\")", "status": "passed", "steps": [{"name": "Ожидание элемента ('css selector', \"[placeholder*='Имя']\")", "status": "passed", "parameters": [{"name": "locator", "value": "('css selector', \"[placeholder*='Имя']\")"}, {"name": "timeout", "value": "15"}], "start": 1763811173466, "stop": 1763811173472}], "parameters": [{"name": "locator", "value": "('css selector', \"[placeholder*='Имя']\")"}, {"name": "value", "value": "'Сергей'"}], "start": 1763811173466, "stop": 1763811173487}, {"name": "Ввод значения \"'Орлов'\" в поле ('css selector', \"[placeholder*='Фамилия']\")", "status": "passed", "steps": [{"name": "Ожидание элемента ('css selector', \"[placeholder*='Фамилия']\")", "status": "passed", "parameters": [{"name": "locator", "value": "('css selector', \"[placeholder*='Фамилия']\")"}, {"name": "timeout", "value": "15"}], "start": 1763811173487, "stop": 1763811173493}], "parameters": [{"name": "locator", "value": "('css selector', \"[placeholder*='Фамилия']\")"}, {"name": "value", "value": "'Орлов'"}], "start": 1763811173487, "stop": 1763811173504}, {"name": "Ввод значения \"'пр. Ленинградский, д.67'\" в поле ('css selector', \"[placeholder*='Адрес']\")", "status": "passed", "steps": [{"name": "Ожидание элемента ('css selector', \"[placeholder*='Адрес']\")", "status": "passed", "parameters": [{"name": "locator", "value": "('css selector', \"[placeholder*='Адрес']\")"}, {"name": "timeout", "value": "15"}], "start": 1763811173504, "stop": 1763811173511}], "parameters": [{"name": "locator", "value": "('css selector', \"[placeholder*='Адрес']\")"}, {"name": "value", "value": "'пр. Ленинградский, д.67'"}], "start": 1763811173504, "stop": 1763811173532}, {"name": "Ввод значения \"'Аэропорт'\" в поле ('css selector', \"[placeholder*='Станция метро']\")", "status": "passed", "steps": [{"name": "Ожидание элемента ('css selector', \"[placeholder*='Станция метро']\")", "status": "passed", "parameters": [{"name": "locator", "value": "('css selector', \"[placeholder*='Станция метро']\")"}, {"name": "timeout", "value": "15"}], "start": 1763811173533, "stop": 1763811173540}], "parameters": [{"name": "locator", "value": "('css selector', \"[placeholder*='Станция метро']\")"}, {"name": "value", "value": "'Аэропорт'"}], "start": 1763811173532, "stop": 1763811173579}, {"name": "Ввод значения \"'+79994443322'\" в поле ('css selector', \"[placeholder*='Телефон']\")", "status": "passed", "steps": [{"name": "Ожидание элемента ('css selector', \"[placeholder*='Телефон']\")", "status": "passed", "parameters": [{"name": "locator", "value": "('css selector', \"[placeholder*='Телефон']\")"}, {"name": "timeout", "value": "15"}], "start": 1763811173579, "stop": 1763811173584}], "parameters": [{"name": "locator", "value": "('css selector', \"[placeholder*='Телефон']\")"}, {"name": "value", "value": "'+79994443322'"}], "start": 1763811173579, "stop": 1763811173597}], "parameters": [{"name": "user_data", "value": "{'name': 'Сергей', 'surname': 'Орлов', 'address': 'пр. Ленинградский, д.67', 'metro_station': 'Аэропорт', 'phone': '+79994443322', 'date': '18.05.2024', 'period': 'пятеро суток', 'color': 'grey', 'comment': 'Оставить у охраны'}"}], "start": 1763811173466, "stop": 1763811173597}, {"name": "Нажать кнопку \"Далее\"", "status": "broken", "statusDetails": {"message": "selenium.common.exceptions.TimeoutException: Message: \nStacktrace:\nRemoteError@chrome://remote/content/shared/RemoteError.sys.mjs:8:8\nWebDriverError@chrome://remote/content/shared/webdriver/Errors.sys.mjs:202:5\nNoSuchElementError@chrome://remote/content/shared/webdriver/Errors.sys.mjs:555:5\ndom.find/</<@chrome://remote/content/shared/DOM.sys.mjs:136:16\n\n", "trace": "  File \"C:\\Users\\Dmitry\\AppData\\Local\\Programs\\Python\\Python314\\Lib\\site-packages\\allure_commons\\_allure.py\", line 202, in impl\n    return func(*a, **kw)\n  File \"C:\\Users\\Dmitry\\Desktop\\qa_python_6\\pages\\order_page.py\", line 16, in click_next_button\n    self.click_element(OrderPageLocators.NEXT_BUTTON)\n    ~~~~~~~~~~~~~~~~~~^^^^^^^^^^^^^^^^^^^^^^^^^^^^^^^\n  File \"C:\\Users\\Dmitry\\AppData\\Local\\Programs\\Python\\Python314\\Lib\\site-packages\\allure_commons\\_allure.py\", line 202, in impl\n    return func(*a, **kw)\n  File \"C:\\Users\\Dmitry\\Desktop\\qa_python_6\\pages\\base_page.py\", line 28, in click_element\n    element = self.wait_for_element(locator)\n  File \"C:\\Users\\Dmitry\\AppData\\Local\\Programs\\Python\\Python314\\Lib\\site-packages\\allure_commons\\_allure.py\", line 202, in impl\n    return func(*a, **kw)\n  File \"C:\\Users\\Dmitry\\Desktop\\qa_python_6\\pages\\base_page.py\", line 12, in wait_for_element\n    return WebDriverWait(self.driver, timeout).until(\n           ~~~~~~~~~~~~~~~~~~~~~~~~~~~~~~~~~~~~~~~~~^\n        EC.visibility_of_element_located(locator)\n        ^^^^^^^^^^^^^^^^^^^^^^^^^^^^^^^^^^^^^^^^^\n    )\n    ^\n  File \"C:\\Users\\Dmitry\\AppData\\Local\\Programs\\Python\\Python314\\Lib\\site-packages\\selenium\\webdriver\\support\\wait.py\", line 138, in until\n    raise TimeoutException(message, screen, stacktrace)\n"}, "steps": [{"name": "Клик по элементу ('css selector', \"[class*='Button_Middle'][type='button']:first-of-type\")", "status": "broken", "statusDetails": {"message": "selenium.common.exceptions.TimeoutException: Message: \nStacktrace:\nRemoteError@chrome://remote/content/shared/RemoteError.sys.mjs:8:8\nWebDriverError@chrome://remote/content/shared/webdriver/Errors.sys.mjs:202:5\nNoSuchElementError@chrome://remote/content/shared/webdriver/Errors.sys.mjs:555:5\ndom.find/</<@chrome://remote/content/shared/DOM.sys.mjs:136:16\n\n", "trace": "  File \"C:\\Users\\Dmitry\\AppData\\Local\\Programs\\Python\\Python314\\Lib\\site-packages\\allure_commons\\_allure.py\", line 202, in impl\n    return func(*a, **kw)\n  File \"C:\\Users\\Dmitry\\Desktop\\qa_python_6\\pages\\base_page.py\", line 28, in click_element\n    element = self.wait_for_element(locator)\n  File \"C:\\Users\\Dmitry\\AppData\\Local\\Programs\\Python\\Python314\\Lib\\site-packages\\allure_commons\\_allure.py\", line 202, in impl\n    return func(*a, **kw)\n  File \"C:\\Users\\Dmitry\\Desktop\\qa_python_6\\pages\\base_page.py\", line 12, in wait_for_element\n    return WebDriverWait(self.driver, timeout).until(\n           ~~~~~~~~~~~~~~~~~~~~~~~~~~~~~~~~~~~~~~~~~^\n        EC.visibility_of_element_located(locator)\n        ^^^^^^^^^^^^^^^^^^^^^^^^^^^^^^^^^^^^^^^^^\n    )\n    ^\n  File \"C:\\Users\\Dmitry\\AppData\\Local\\Programs\\Python\\Python314\\Lib\\site-packages\\selenium\\webdriver\\support\\wait.py\", line 138, in until\n    raise TimeoutException(message, screen, stacktrace)\n"}, "steps": [{"name": "Ожидание элемента ('css selector', \"[class*='Button_Middle'][type='button']:first-of-type\")", "status": "broken", "statusDetails": {"message": "selenium.common.exceptions.TimeoutException: Message: \nStacktrace:\nRemoteError@chrome://remote/content/shared/RemoteError.sys.mjs:8:8\nWebDriverError@chrome://remote/content/shared/webdriver/Errors.sys.mjs:202:5\nNoSuchElementError@chrome://remote/content/shared/webdriver/Errors.sys.mjs:555:5\ndom.find/</<@chrome://remote/content/shared/DOM.sys.mjs:136:16\n\n", "trace": "  File \"C:\\Users\\Dmitry\\AppData\\Local\\Programs\\Python\\Python314\\Lib\\site-packages\\allure_commons\\_allure.py\", line 202, in impl\n    return func(*a, **kw)\n  File \"C:\\Users\\Dmitry\\Desktop\\qa_python_6\\pages\\base_page.py\", line 12, in wait_for_element\n    return WebDriverWait(self.driver, timeout).until(\n           ~~~~~~~~~~~~~~~~~~~~~~~~~~~~~~~~~~~~~~~~~^\n        EC.visibility_of_element_located(locator)\n        ^^^^^^^^^^^^^^^^^^^^^^^^^^^^^^^^^^^^^^^^^\n    )\n    ^\n  File \"C:\\Users\\Dmitry\\AppData\\Local\\Programs\\Python\\Python314\\Lib\\site-packages\\selenium\\webdriver\\support\\wait.py\", line 138, in until\n    raise TimeoutException(message, screen, stacktrace)\n"}, "parameters": [{"name": "locator", "value": "('css selector', \"[class*='Button_Middle'][type='button']:first-of-type\")"}, {"name": "timeout", "value": "15"}], "start": 1763811173597, "stop": 1763811188718}], "parameters": [{"name": "locator", "value": "('css selector', \"[class*='Button_Middle'][type='button']:first-of-type\")"}], "start": 1763811173597, "stop": 1763811188719}], "start": 1763811173597, "stop": 1763811188720}], "start": 1763811173466, "stop": 1763811188721}], "parameters": [{"name": "button_type", "value": "'header'"}, {"name": "user_data", "value": "{'name': 'Сергей', 'surname': 'Орлов', 'address': 'пр. Ленинградский, д.67', 'metro_station': 'Аэропорт', 'phone': '+79994443322', 'date': '18.05.2024', 'period': 'пятеро суток', 'color': 'grey', 'comment': 'Оставить у охраны'}"}], "start": 1763811173277, "stop": 1763811188722, "uuid": "46edbb33-d752-4ed8-81af-229c75a2fbb1", "historyId": "9fd5041dfb04b21356683504009b9fc4", "testCaseId": "f9b168f4605afb826a0333bc7564dee4", "fullName": "tests.test_order_page.TestOrderPage#test_order_via_different_buttons", "labels": [{"name": "feature", "value": "Страница заказа"}, {"name": "parentSuite", "value": "tests"}, {"name": "suite", "value": "test_order_page"}, {"name": "subSuite", "value": "TestOrderPage"}, {"name": "host", "value": "DESKTOP-6TTHLIB"}, {"name": "thread", "value": "13488-MainThread"}, {"name": "framework", "value": "pytest"}, {"name": "language", "value": "cpython3"}, {"name": "package", "value": "tests.test_order_page"}], "titlePath": ["tests", "test_order_page.py", "TestOrderPage"]}