{"name": "Заказ через кнопку \"Заказать\" - footer", "status": "broken", "statusDetails": {"message": "selenium.common.exceptions.TimeoutException: Message: \nStacktrace:\nRemoteError@chrome://remote/content/shared/RemoteError.sys.mjs:8:8\nWebDriverError@chrome://remote/content/shared/webdriver/Errors.sys.mjs:202:5\nNoSuchElementError@chrome://remote/content/shared/webdriver/Errors.sys.mjs:555:5\ndom.find/</<@chrome://remote/content/shared/DOM.sys.mjs:136:16", "trace": "self = <test_order_page.TestOrderPage object at 0x000001BBEF989A70>\ndriver = <selenium.webdriver.firefox.webdriver.WebDriver (session=\"7d759e5d-9536-4429-ba8f-fa1b77b78b23\")>\nuser_data = {'address': 'ул. Пушкина, д.42', 'color': 'black', 'comment': 'Код от подъезда: 1234', 'date': '12.05.2024', ...}, button_type = 'footer'\n\n    @allure.title('Заказ через кнопку \"Заказать\" - {button_type}')\n    @allure.description('Позитивный тест заказа через разные кнопки')\n    @pytest.mark.parametrize('user_data', [\n        Users.user_1,\n        Users.user_2\n    ], ids=[\"Набор 1\", \"Набор 2\"])\n    @pytest.mark.parametrize('button_type', [\n        'header',\n        'footer'\n    ], ids=[\"Верхняя кнопка\", \"Нижняя кнопка\"])\n    def test_order_via_different_buttons(self, driver, user_data, button_type):\n        with allure.step('Инициализация страниц'):\n            main_page = MainPage(driver)\n            order_page = OrderPage(driver)\n            urls = Urls()\n    \n        with allure.step('Принимаем куки'):\n            main_page.accept_cookies()\n    \n        with allure.step(f'Кликаем на {button_type} кнопку \"Заказать\"'):\n>           main_page.click_order_button(button_type)\n\ntests\\test_order_page.py:31: \n_ _ _ _ _ _ _ _ _ _ _ _ _ _ _ _ _ _ _ _ _ _ _ _ _ _ _ _ _ _ _ _ _ _ _ _ _ _ _ _ _ _ _ _ _ _ _ _ _ _ _ _ _ _ _ _ _ _ _ _ _ _ _ _ _ _ _ _ _ _ _ _ _ _ _ _ _ _ _ \npages\\main_page.py:35: in click_order_button\n    self.scroll_to_element(MainPageLocators.ORDER_BUTTON_FOOTER)\npages\\base_page.py:36: in scroll_to_element\n    element = self.wait_for_element(locator)\n              ^^^^^^^^^^^^^^^^^^^^^^^^^^^^^^\npages\\base_page.py:12: in wait_for_element\n    return WebDriverWait(self.driver, timeout).until(\n_ _ _ _ _ _ _ _ _ _ _ _ _ _ _ _ _ _ _ _ _ _ _ _ _ _ _ _ _ _ _ _ _ _ _ _ _ _ _ _ _ _ _ _ _ _ _ _ _ _ _ _ _ _ _ _ _ _ _ _ _ _ _ _ _ _ _ _ _ _ _ _ _ _ _ _ _ _ _ \n\nself = <selenium.webdriver.support.wait.WebDriverWait (session=\"7d759e5d-9536-4429-ba8f-fa1b77b78b23\")>\nmethod = <function visibility_of_element_located.<locals>._predicate at 0x000001BBEFA13CC0>, message = ''\n\n    def until(self, method: Callable[[D], Union[Literal[False], T]], message: str = \"\") -> T:\n        \"\"\"Wait until the method returns a value that is not False.\n    \n        Calls the method provided with the driver as an argument until the\n        return value does not evaluate to ``False``.\n    \n        Parameters:\n        -----------\n        method: callable(WebDriver)\n            - A callable object that takes a WebDriver instance as an argument.\n    \n        message: str\n            - Optional message for :exc:`TimeoutException`\n    \n        Return:\n        -------\n        object: T\n            - The result of the last call to `method`\n    \n        Raises:\n        -------\n        TimeoutException\n            - If 'method' does not return a truthy value within the WebDriverWait\n            object's timeout\n    \n        Example:\n        --------\n        >>> from selenium.webdriver.common.by import By\n        >>> from selenium.webdriver.support.ui import WebDriverWait\n        >>> from selenium.webdriver.support import expected_conditions as EC\n    \n        # Wait until an element is visible on the page\n        >>> wait = WebDriverWait(driver, 10)\n        >>> element = wait.until(EC.visibility_of_element_located((By.ID, \"exampleId\")))\n        >>> print(element.text)\n        \"\"\"\n        screen = None\n        stacktrace = None\n    \n        end_time = time.monotonic() + self._timeout\n        while True:\n            try:\n                value = method(self._driver)\n                if value:\n                    return value\n            except self._ignored_exceptions as exc:\n                screen = getattr(exc, \"screen\", None)\n                stacktrace = getattr(exc, \"stacktrace\", None)\n            if time.monotonic() > end_time:\n                break\n            time.sleep(self._poll)\n>       raise TimeoutException(message, screen, stacktrace)\nE       selenium.common.exceptions.TimeoutException: Message: \nE       Stacktrace:\nE       RemoteError@chrome://remote/content/shared/RemoteError.sys.mjs:8:8\nE       WebDriverError@chrome://remote/content/shared/webdriver/Errors.sys.mjs:202:5\nE       NoSuchElementError@chrome://remote/content/shared/webdriver/Errors.sys.mjs:555:5\nE       dom.find/</<@chrome://remote/content/shared/DOM.sys.mjs:136:16\n\n..\\..\\AppData\\Local\\Programs\\Python\\Python314\\Lib\\site-packages\\selenium\\webdriver\\support\\wait.py:138: TimeoutException"}, "description": "Позитивный тест заказа через разные кнопки", "steps": [{"name": "Инициализация страниц", "status": "passed", "start": 1763811199088, "stop": 1763811199088}, {"name": "Принимаем куки", "status": "passed", "steps": [{"name": "Принять куки", "status": "passed", "start": 1763811199088, "stop": 1763811199206}], "start": 1763811199088, "stop": 1763811199206}, {"name": "Кликаем на footer кнопку \"Заказать\"", "status": "broken", "statusDetails": {"message": "selenium.common.exceptions.TimeoutException: Message: \nStacktrace:\nRemoteError@chrome://remote/content/shared/RemoteError.sys.mjs:8:8\nWebDriverError@chrome://remote/content/shared/webdriver/Errors.sys.mjs:202:5\nNoSuchElementError@chrome://remote/content/shared/webdriver/Errors.sys.mjs:555:5\ndom.find/</<@chrome://remote/content/shared/DOM.sys.mjs:136:16\n\n", "trace": "  File \"c:\\Users\\Dmitry\\Desktop\\qa_python_6\\tests\\test_order_page.py\", line 31, in test_order_via_different_buttons\n    main_page.click_order_button(button_type)\n    ~~~~~~~~~~~~~~~~~~~~~~~~~~~~^^^^^^^^^^^^^\n  File \"C:\\Users\\Dmitry\\AppData\\Local\\Programs\\Python\\Python314\\Lib\\site-packages\\allure_commons\\_allure.py\", line 202, in impl\n    return func(*a, **kw)\n  File \"C:\\Users\\Dmitry\\Desktop\\qa_python_6\\pages\\main_page.py\", line 35, in click_order_button\n    self.scroll_to_element(MainPageLocators.ORDER_BUTTON_FOOTER)\n    ~~~~~~~~~~~~~~~~~~~~~~^^^^^^^^^^^^^^^^^^^^^^^^^^^^^^^^^^^^^^\n  File \"C:\\Users\\Dmitry\\AppData\\Local\\Programs\\Python\\Python314\\Lib\\site-packages\\allure_commons\\_allure.py\", line 202, in impl\n    return func(*a, **kw)\n  File \"C:\\Users\\Dmitry\\Desktop\\qa_python_6\\pages\\base_page.py\", line 36, in scroll_to_element\n    element = self.wait_for_element(locator)\n  File \"C:\\Users\\Dmitry\\AppData\\Local\\Programs\\Python\\Python314\\Lib\\site-packages\\allure_commons\\_allure.py\", line 202, in impl\n    return func(*a, **kw)\n  File \"C:\\Users\\Dmitry\\Desktop\\qa_python_6\\pages\\base_page.py\", line 12, in wait_for_element\n    return WebDriverWait(self.driver, timeout).until(\n           ~~~~~~~~~~~~~~~~~~~~~~~~~~~~~~~~~~~~~~~~~^\n        EC.visibility_of_element_located(locator)\n        ^^^^^^^^^^^^^^^^^^^^^^^^^^^^^^^^^^^^^^^^^\n    )\n    ^\n  File \"C:\\Users\\Dmitry\\AppData\\Local\\Programs\\Python\\Python314\\Lib\\site-packages\\selenium\\webdriver\\support\\wait.py\", line 138, in until\n    raise TimeoutException(message, screen, stacktrace)\n"}, "steps": [{"name": "Кликнуть на кнопку \"Заказать\" типа 'footer'", "status": "broken", "statusDetails": {"message": "selenium.common.exceptions.TimeoutException: Message: \nStacktrace:\nRemoteError@chrome://remote/content/shared/RemoteError.sys.mjs:8:8\nWebDriverError@chrome://remote/content/shared/webdriver/Errors.sys.mjs:202:5\nNoSuchElementError@chrome://remote/content/shared/webdriver/Errors.sys.mjs:555:5\ndom.find/</<@chrome://remote/content/shared/DOM.sys.mjs:136:16\n\n", "trace": "  File \"C:\\Users\\Dmitry\\AppData\\Local\\Programs\\Python\\Python314\\Lib\\site-packages\\allure_commons\\_allure.py\", line 202, in impl\n    return func(*a, **kw)\n  File \"C:\\Users\\Dmitry\\Desktop\\qa_python_6\\pages\\main_page.py\", line 35, in click_order_button\n    self.scroll_to_element(MainPageLocators.ORDER_BUTTON_FOOTER)\n    ~~~~~~~~~~~~~~~~~~~~~~^^^^^^^^^^^^^^^^^^^^^^^^^^^^^^^^^^^^^^\n  File \"C:\\Users\\Dmitry\\AppData\\Local\\Programs\\Python\\Python314\\Lib\\site-packages\\allure_commons\\_allure.py\", line 202, in impl\n    return func(*a, **kw)\n  File \"C:\\Users\\Dmitry\\Desktop\\qa_python_6\\pages\\base_page.py\", line 36, in scroll_to_element\n    element = self.wait_for_element(locator)\n  File \"C:\\Users\\Dmitry\\AppData\\Local\\Programs\\Python\\Python314\\Lib\\site-packages\\allure_commons\\_allure.py\", line 202, in impl\n    return func(*a, **kw)\n  File \"C:\\Users\\Dmitry\\Desktop\\qa_python_6\\pages\\base_page.py\", line 12, in wait_for_element\n    return WebDriverWait(self.driver, timeout).until(\n           ~~~~~~~~~~~~~~~~~~~~~~~~~~~~~~~~~~~~~~~~~^\n        EC.visibility_of_element_located(locator)\n        ^^^^^^^^^^^^^^^^^^^^^^^^^^^^^^^^^^^^^^^^^\n    )\n    ^\n  File \"C:\\Users\\Dmitry\\AppData\\Local\\Programs\\Python\\Python314\\Lib\\site-packages\\selenium\\webdriver\\support\\wait.py\", line 138, in until\n    raise TimeoutException(message, screen, stacktrace)\n"}, "steps": [{"name": "Скролл к элементу ('css selector', \"[class*='Button_Middle__1CSJM']\")", "status": "broken", "statusDetails": {"message": "selenium.common.exceptions.TimeoutException: Message: \nStacktrace:\nRemoteError@chrome://remote/content/shared/RemoteError.sys.mjs:8:8\nWebDriverError@chrome://remote/content/shared/webdriver/Errors.sys.mjs:202:5\nNoSuchElementError@chrome://remote/content/shared/webdriver/Errors.sys.mjs:555:5\ndom.find/</<@chrome://remote/content/shared/DOM.sys.mjs:136:16\n\n", "trace": "  File \"C:\\Users\\Dmitry\\AppData\\Local\\Programs\\Python\\Python314\\Lib\\site-packages\\allure_commons\\_allure.py\", line 202, in impl\n    return func(*a, **kw)\n  File \"C:\\Users\\Dmitry\\Desktop\\qa_python_6\\pages\\base_page.py\", line 36, in scroll_to_element\n    element = self.wait_for_element(locator)\n  File \"C:\\Users\\Dmitry\\AppData\\Local\\Programs\\Python\\Python314\\Lib\\site-packages\\allure_commons\\_allure.py\", line 202, in impl\n    return func(*a, **kw)\n  File \"C:\\Users\\Dmitry\\Desktop\\qa_python_6\\pages\\base_page.py\", line 12, in wait_for_element\n    return WebDriverWait(self.driver, timeout).until(\n           ~~~~~~~~~~~~~~~~~~~~~~~~~~~~~~~~~~~~~~~~~^\n        EC.visibility_of_element_located(locator)\n        ^^^^^^^^^^^^^^^^^^^^^^^^^^^^^^^^^^^^^^^^^\n    )\n    ^\n  File \"C:\\Users\\Dmitry\\AppData\\Local\\Programs\\Python\\Python314\\Lib\\site-packages\\selenium\\webdriver\\support\\wait.py\", line 138, in until\n    raise TimeoutException(message, screen, stacktrace)\n"}, "steps": [{"name": "Ожидание элемента ('css selector', \"[class*='Button_Middle__1CSJM']\")", "status": "broken", "statusDetails": {"message": "selenium.common.exceptions.TimeoutException: Message: \nStacktrace:\nRemoteError@chrome://remote/content/shared/RemoteError.sys.mjs:8:8\nWebDriverError@chrome://remote/content/shared/webdriver/Errors.sys.mjs:202:5\nNoSuchElementError@chrome://remote/content/shared/webdriver/Errors.sys.mjs:555:5\ndom.find/</<@chrome://remote/content/shared/DOM.sys.mjs:136:16\n\n", "trace": "  File \"C:\\Users\\Dmitry\\AppData\\Local\\Programs\\Python\\Python314\\Lib\\site-packages\\allure_commons\\_allure.py\", line 202, in impl\n    return func(*a, **kw)\n  File \"C:\\Users\\Dmitry\\Desktop\\qa_python_6\\pages\\base_page.py\", line 12, in wait_for_element\n    return WebDriverWait(self.driver, timeout).until(\n           ~~~~~~~~~~~~~~~~~~~~~~~~~~~~~~~~~~~~~~~~~^\n        EC.visibility_of_element_located(locator)\n        ^^^^^^^^^^^^^^^^^^^^^^^^^^^^^^^^^^^^^^^^^\n    )\n    ^\n  File \"C:\\Users\\Dmitry\\AppData\\Local\\Programs\\Python\\Python314\\Lib\\site-packages\\selenium\\webdriver\\support\\wait.py\", line 138, in until\n    raise TimeoutException(message, screen, stacktrace)\n"}, "parameters": [{"name": "locator", "value": "('css selector', \"[class*='Button_Middle__1CSJM']\")"}, {"name": "timeout", "value": "15"}], "start": 1763811199206, "stop": 1763811214315}], "parameters": [{"name": "locator", "value": "('css selector', \"[class*='Button_Middle__1CSJM']\")"}], "start": 1763811199206, "stop": 1763811214316}], "parameters": [{"name": "button_type", "value": "'footer'"}], "start": 1763811199206, "stop": 1763811214317}], "start": 1763811199206, "stop": 1763811214318}], "parameters": [{"name": "button_type", "value": "'footer'"}, {"name": "user_data", "value": "{'name': 'Екатерина', 'surname': 'Волкова', 'address': 'ул. Пушкина, д.42', 'metro_station': 'Библиотека им. Ленина', 'phone': '+79997776655', 'date': '12.05.2024', 'period': 'двое суток', 'color': 'black', 'comment': 'Код от подъезда: 1234'}"}], "start": 1763811199088, "stop": 1763811214319, "uuid": "ec3bd970-cc4c-4a96-890a-5ad19473a935", "historyId": "5454dfd4c54b8db79af714da2e826ad1", "testCaseId": "f9b168f4605afb826a0333bc7564dee4", "fullName": "tests.test_order_page.TestOrderPage#test_order_via_different_buttons", "labels": [{"name": "feature", "value": "Страница заказа"}, {"name": "parentSuite", "value": "tests"}, {"name": "suite", "value": "test_order_page"}, {"name": "subSuite", "value": "TestOrderPage"}, {"name": "host", "value": "DESKTOP-6TTHLIB"}, {"name": "thread", "value": "13488-MainThread"}, {"name": "framework", "value": "pytest"}, {"name": "language", "value": "cpython3"}, {"name": "package", "value": "tests.test_order_page"}], "titlePath": ["tests", "test_order_page.py", "TestOrderPage"]}